f:\visualspace\bomberman\bomberman\debug\bomberman.pch
f:\visualspace\bomberman\bomberman\debug\vc140.pdb
f:\visualspace\bomberman\bomberman\debug\vc140.idb
f:\visualspace\bomberman\bomberman\debug\stdafx.obj
f:\visualspace\bomberman\bomberman\debug\bomberman.obj
f:\visualspace\bomberman\bomberman\debug\clogic.obj
f:\visualspace\bomberman\debug\bomberman.ilk
f:\visualspace\bomberman\debug\bomberman.exe
f:\visualspace\bomberman\debug\bomberman.pdb
f:\visualspace\bomberman\bomberman\debug\bomberman.res
f:\github\bomberman\bomberman\debug\bomberman.obj
f:\github\bomberman\bomberman\debug\clogic.obj
f:\github\bomberman\bomberman\debug\stdafx.obj
f:\github\bomberman\bomberman\debug\bomberman.res
f:\github\bomberman\bomberman\debug\bomberman.pch
f:\github\bomberman\bomberman\debug\vc140.idb
f:\github\bomberman\bomberman\debug\vc140.pdb
f:\github\bomberman\debug\bomberman.pdb
f:\github\bomberman\debug\bomberman.exe
f:\github\bomberman\debug\bomberman.ilk
f:\github\bomberman\bomberman\debug\bomberman.tlog\cl.command.1.tlog
f:\github\bomberman\bomberman\debug\bomberman.tlog\cl.read.1.tlog
f:\github\bomberman\bomberman\debug\bomberman.tlog\cl.write.1.tlog
f:\github\bomberman\bomberman\debug\bomberman.tlog\link.command.1.tlog
f:\github\bomberman\bomberman\debug\bomberman.tlog\link.read.1.tlog
f:\github\bomberman\bomberman\debug\bomberman.tlog\link.write.1.tlog
f:\github\bomberman\bomberman\debug\bomberman.tlog\rc.command.1.tlog
f:\github\bomberman\bomberman\debug\bomberman.tlog\rc.read.1.tlog
f:\github\bomberman\bomberman\debug\bomberman.tlog\rc.write.1.tlog
